<?xml version="1.0" encoding="UTF-8" ?>
<testsuite tests="12" failures="0" name="com.qa.SolarSystemInformation.SolarSystemInformationTest" time="0.019" errors="0" skipped="0">
  <properties>
    <property name="java.runtime.name" value="OpenJDK Runtime Environment"/>
    <property name="java.vm.version" value="11.0.5+10-b520.17"/>
    <property name="sun.boot.library.path" value="C:\Program Files\JetBrains\IntelliJ IDEA Community Edition 2019.3.1\jbr\bin"/>
    <property name="maven.multiModuleProjectDirectory" value="C:\work\git\SolarSystemInformation"/>
    <property name="java.vm.vendor" value="JetBrains s.r.o"/>
    <property name="java.vendor.url" value="https://www.jetbrains.com/"/>
    <property name="guice.disable.misplaced.annotation.check" value="true"/>
    <property name="path.separator" value=";"/>
    <property name="java.vm.name" value="OpenJDK 64-Bit Server VM"/>
    <property name="sun.os.patch.level" value=""/>
    <property name="user.script" value=""/>
    <property name="user.country" value="GB"/>
    <property name="sun.java.launcher" value="SUN_STANDARD"/>
    <property name="java.vm.specification.name" value="Java Virtual Machine Specification"/>
    <property name="user.dir" value="C:\work\git\SolarSystemInformation"/>
    <property name="java.vm.compressedOopsMode" value="Zero based"/>
    <property name="java.runtime.version" value="11.0.5+10-b520.17"/>
    <property name="java.awt.graphicsenv" value="sun.awt.Win32GraphicsEnvironment"/>
    <property name="os.arch" value="amd64"/>
    <property name="java.io.tmpdir" value="C:\Users\Admin\AppData\Local\Temp\"/>
    <property name="line.separator" value="
"/>
    <property name="java.vm.specification.vendor" value="Oracle Corporation"/>
    <property name="user.variant" value=""/>
    <property name="os.name" value="Windows 10"/>
    <property name="maven.ext.class.path" value="C:\Program Files\JetBrains\IntelliJ IDEA Community Edition 2019.3.1\plugins\maven\lib\maven-event-listener.jar"/>
    <property name="classworlds.conf" value="C:\Program Files\JetBrains\IntelliJ IDEA Community Edition 2019.3.1\plugins\maven\lib\maven3\bin\m2.conf"/>
    <property name="sun.jnu.encoding" value="Cp1252"/>
    <property name="java.library.path" value="C:\Program Files\JetBrains\IntelliJ IDEA Community Edition 2019.3.1\jbr\bin;C:\WINDOWS\Sun\Java\bin;C:\WINDOWS\system32;C:\WINDOWS;C:\WINDOWS\system32;C:\WINDOWS;C:\WINDOWS\System32\Wbem;C:\WINDOWS\System32\WindowsPowerShell\v1.0\;C:\WINDOWS\System32\OpenSSH\;C:\Program Files\Java\jdk-13.0.1\bin;C:\Program Files\Git\cmd;C:\Users\Admin\AppData\Local\Microsoft\WindowsApps;;."/>
    <property name="maven.conf" value="C:\Program Files\JetBrains\IntelliJ IDEA Community Edition 2019.3.1\plugins\maven\lib\maven3/conf"/>
    <property name="jdk.debug" value="release"/>
    <property name="java.class.version" value="55.0"/>
    <property name="java.specification.name" value="Java Platform API Specification"/>
    <property name="sun.management.compiler" value="HotSpot 64-Bit Tiered Compilers"/>
    <property name="os.version" value="10.0"/>
    <property name="idea.version2019.3.1" value="true"/>
    <property name="user.home" value="C:\Users\Admin"/>
    <property name="user.timezone" value="Europe/London"/>
    <property name="java.awt.printerjob" value="sun.awt.windows.WPrinterJob"/>
    <property name="file.encoding" value="UTF-8"/>
    <property name="java.specification.version" value="11"/>
    <property name="user.name" value="Admin"/>
    <property name="java.class.path" value="C:\Program Files\JetBrains\IntelliJ IDEA Community Edition 2019.3.1\plugins\maven\lib\maven3\boot\plexus-classworlds-2.6.0.jar"/>
    <property name="java.vm.specification.version" value="11"/>
    <property name="sun.arch.data.model" value="64"/>
    <property name="sun.java.command" value="org.codehaus.classworlds.Launcher -Didea.version2019.3.1 package"/>
    <property name="java.home" value="C:\Program Files\JetBrains\IntelliJ IDEA Community Edition 2019.3.1\jbr"/>
    <property name="user.language" value="en"/>
    <property name="java.specification.vendor" value="Oracle Corporation"/>
    <property name="awt.toolkit" value="sun.awt.windows.WToolkit"/>
    <property name="java.vm.info" value="mixed mode, sharing"/>
    <property name="java.version" value="11.0.5"/>
    <property name="java.vendor" value="JetBrains s.r.o"/>
    <property name="maven.home" value="C:\Program Files\JetBrains\IntelliJ IDEA Community Edition 2019.3.1\plugins\maven\lib\maven3"/>
    <property name="file.separator" value="\"/>
    <property name="java.version.date" value="2019-10-15"/>
    <property name="java.vendor.url.bug" value="https://youtrack.jetbrains.com"/>
    <property name="sun.io.unicode.encoding" value="UnicodeLittle"/>
    <property name="sun.cpu.endian" value="little"/>
    <property name="sun.desktop" value="windows"/>
    <property name="sun.cpu.isalist" value="amd64"/>
  </properties>
  <testcase classname="com.qa.SolarSystemInformation.SolarSystemInformationTest" name="com.qa.SolarSystemInformation.SolarSystemInformationTest.test_4_subsequent_characters_after_first_2_letters_in_userId_are_digits_between_zero_and_nine" time="0.01"/>
  <testcase classname="com.qa.SolarSystemInformation.SolarSystemInformationTest" name="com.qa.SolarSystemInformation.SolarSystemInformationTest.test_initialiseAOCDetails_returns_astronomicalObjectClassificationCode_in_correct_format" time="0.006"/>
  <testcase classname="com.qa.SolarSystemInformation.SolarSystemInformationTest" name="com.qa.SolarSystemInformation.SolarSystemInformationTest.test_objectType_returns_valid_object" time="0"/>
  <testcase classname="com.qa.SolarSystemInformation.SolarSystemInformationTest" name="com.qa.SolarSystemInformation.SolarSystemInformationTest.test_exists_field_tells_us_that_ACO_does_exist" time="0"/>
  <testcase classname="com.qa.SolarSystemInformation.SolarSystemInformationTest" name="com.qa.SolarSystemInformation.SolarSystemInformationTest.test_AOC_returned_when_input_data_is_valid" time="0"/>
  <testcase classname="com.qa.SolarSystemInformation.SolarSystemInformationTest" name="com.qa.SolarSystemInformation.SolarSystemInformationTest.test_objectType_returns_invalid_object" time="0.001"/>
  <testcase classname="com.qa.SolarSystemInformation.SolarSystemInformationTest" name="com.qa.SolarSystemInformation.SolarSystemInformationTest.test_password_at_least_10_characters_in_length" time="0"/>
  <testcase classname="com.qa.SolarSystemInformation.SolarSystemInformationTest" name="com.qa.SolarSystemInformation.SolarSystemInformationTest.test_objectName_returns_name_of_object" time="0.001"/>
  <testcase classname="com.qa.SolarSystemInformation.SolarSystemInformationTest" name="com.qa.SolarSystemInformation.SolarSystemInformationTest.test_invalid_userId_displayed_upon_incorrect_userId_input" time="0"/>
  <testcase classname="com.qa.SolarSystemInformation.SolarSystemInformationTest" name="com.qa.SolarSystemInformation.SolarSystemInformationTest.test_first_two_characters_of_userId_are_upper_case_letters" time="0.001"/>
  <testcase classname="com.qa.SolarSystemInformation.SolarSystemInformationTest" name="com.qa.SolarSystemInformation.SolarSystemInformationTest.test_4_consecutive_zeros" time="0"/>
  <testcase classname="com.qa.SolarSystemInformation.SolarSystemInformationTest" name="com.qa.SolarSystemInformation.SolarSystemInformationTest.test_password_too_short" time="0"/>
</testsuite>